Flow report for top_de2
Mon Oct 10 15:06:05 2022
Quartus II 64-Bit Version 13.0.1 Build 232 06/12/2013 Service Pack 1 SJ Web Edition


---------------------
; Table of Contents ;
---------------------
  1. Legal Notice
  2. Flow Summary
  3. Flow Settings
  4. Flow Non-Default Global Settings
  5. Flow Elapsed Time
  6. Flow OS Summary
  7. Flow Log
  8. Flow Messages
  9. Flow Suppressed Messages



----------------
; Legal Notice ;
----------------
Copyright (C) 1991-2013 Altera Corporation
Your use of Altera Corporation's design tools, logic functions 
and other software and tools, and its AMPP partner logic 
functions, and any output files from any of the foregoing 
(including device programming or simulation files), and any 
associated documentation or information are expressly subject 
to the terms and conditions of the Altera Program License 
Subscription Agreement, Altera MegaCore Function License 
Agreement, or other applicable license agreement, including, 
without limitation, that your use is for the sole purpose of 
programming logic devices manufactured by Altera and sold by 
Altera or its authorized distributors.  Please refer to the 
applicable agreement for further details.



+--------------------------------------------------------------------------------------+
; Flow Summary                                                                         ;
+------------------------------------+-------------------------------------------------+
; Flow Status                        ; Successful - Mon Oct 10 15:06:00 2022           ;
; Quartus II 64-Bit Version          ; 13.0.1 Build 232 06/12/2013 SP 1 SJ Web Edition ;
; Revision Name                      ; top_de2                                         ;
; Top-level Entity Name              ; top_de2                                         ;
; Family                             ; Cyclone II                                      ;
; Device                             ; EP2C35F672C6                                    ;
; Timing Models                      ; Final                                           ;
; Total logic elements               ; 4,602 / 33,216 ( 14 % )                         ;
;     Total combinational functions  ; 4,374 / 33,216 ( 13 % )                         ;
;     Dedicated logic registers      ; 2,759 / 33,216 ( 8 % )                          ;
; Total registers                    ; 2759                                            ;
; Total pins                         ; 425 / 475 ( 89 % )                              ;
; Total virtual pins                 ; 0                                               ;
; Total memory bits                  ; 174,080 / 483,840 ( 36 % )                      ;
; Embedded Multiplier 9-bit elements ; 0 / 70 ( 0 % )                                  ;
; Total PLLs                         ; 0 / 4 ( 0 % )                                   ;
+------------------------------------+-------------------------------------------------+


+-----------------------------------------+
; Flow Settings                           ;
+-------------------+---------------------+
; Option            ; Setting             ;
+-------------------+---------------------+
; Start date & time ; 10/10/2022 15:05:02 ;
; Main task         ; Compilation         ;
; Revision Name     ; top_de2             ;
+-------------------+---------------------+


+-----------------------------------------------------------------------------------------------------------------------------------------------------------------------------+
; Flow Non-Default Global Settings                                                                                                                                            ;
+-------------------------------------+---------------------------------------------------------+---------------+------------------------------------------------+------------+
; Assignment Name                     ; Value                                                   ; Default Value ; Entity Name                                    ; Section Id ;
+-------------------------------------+---------------------------------------------------------+---------------+------------------------------------------------+------------+
; COMPILER_SIGNATURE_ID               ; 115410753088224.166538190114100                         ; --            ; --                                             ; --         ;
; IP_TOOL_ENV                         ; Qsys                                                    ; --            ; altera_avalon_sc_fifo                          ; --         ;
; IP_TOOL_ENV                         ; Qsys                                                    ; --            ; altera_merlin_burst_adapter                    ; --         ;
; IP_TOOL_ENV                         ; Qsys                                                    ; --            ; altera_merlin_master_agent                     ; --         ;
; IP_TOOL_ENV                         ; Qsys                                                    ; --            ; altera_merlin_master_translator                ; --         ;
; IP_TOOL_ENV                         ; Qsys                                                    ; --            ; altera_merlin_slave_agent                      ; --         ;
; IP_TOOL_ENV                         ; Qsys                                                    ; --            ; altera_merlin_slave_translator                 ; --         ;
; IP_TOOL_ENV                         ; Qsys                                                    ; --            ; altera_merlin_width_adapter                    ; --         ;
; IP_TOOL_ENV                         ; Qsys                                                    ; --            ; altera_reset_controller                        ; --         ;
; IP_TOOL_ENV                         ; Qsys                                                    ; --            ; altera_tristate_controller_aggregator          ; --         ;
; IP_TOOL_ENV                         ; Qsys                                                    ; --            ; altera_tristate_controller_translator          ; --         ;
; IP_TOOL_ENV                         ; Qsys                                                    ; --            ; nios2                                          ; --         ;
; IP_TOOL_ENV                         ; Qsys                                                    ; --            ; nios2_HEX0                                     ; --         ;
; IP_TOOL_ENV                         ; Qsys                                                    ; --            ; nios2_PERIOD0                                  ; --         ;
; IP_TOOL_ENV                         ; Qsys                                                    ; --            ; nios2_PUSH                                     ; --         ;
; IP_TOOL_ENV                         ; Qsys                                                    ; --            ; nios2_addr_router                              ; --         ;
; IP_TOOL_ENV                         ; Qsys                                                    ; --            ; nios2_addr_router_001                          ; --         ;
; IP_TOOL_ENV                         ; Qsys                                                    ; --            ; nios2_cmd_xbar_demux                           ; --         ;
; IP_TOOL_ENV                         ; Qsys                                                    ; --            ; nios2_cmd_xbar_demux_001                       ; --         ;
; IP_TOOL_ENV                         ; Qsys                                                    ; --            ; nios2_cmd_xbar_mux                             ; --         ;
; IP_TOOL_ENV                         ; Qsys                                                    ; --            ; nios2_ext_flash                                ; --         ;
; IP_TOOL_ENV                         ; Qsys                                                    ; --            ; nios2_id_router                                ; --         ;
; IP_TOOL_ENV                         ; Qsys                                                    ; --            ; nios2_id_router_002                            ; --         ;
; IP_TOOL_ENV                         ; Qsys                                                    ; --            ; nios2_id_router_003                            ; --         ;
; IP_TOOL_ENV                         ; Qsys                                                    ; --            ; nios2_irq_mapper                               ; --         ;
; IP_TOOL_ENV                         ; Qsys                                                    ; --            ; nios2_lcd_0                                    ; --         ;
; IP_TOOL_ENV                         ; Qsys                                                    ; --            ; nios2_nios2_qsys_0                             ; --         ;
; IP_TOOL_ENV                         ; Qsys                                                    ; --            ; nios2_onchip_memory2_0                         ; --         ;
; IP_TOOL_ENV                         ; Qsys                                                    ; --            ; nios2_rsp_xbar_demux                           ; --         ;
; IP_TOOL_ENV                         ; Qsys                                                    ; --            ; nios2_rsp_xbar_demux_003                       ; --         ;
; IP_TOOL_ENV                         ; Qsys                                                    ; --            ; nios2_rsp_xbar_mux                             ; --         ;
; IP_TOOL_ENV                         ; Qsys                                                    ; --            ; nios2_rsp_xbar_mux_001                         ; --         ;
; IP_TOOL_ENV                         ; Qsys                                                    ; --            ; nios2_tristate_conduit_bridge_0                ; --         ;
; IP_TOOL_ENV                         ; Qsys                                                    ; --            ; nios2_tristate_conduit_pin_sharer_0            ; --         ;
; IP_TOOL_ENV                         ; Qsys                                                    ; --            ; nios2_tristate_conduit_pin_sharer_0_arbiter    ; --         ;
; IP_TOOL_ENV                         ; Qsys                                                    ; --            ; nios2_tristate_conduit_pin_sharer_0_pin_sharer ; --         ;
; IP_TOOL_ENV                         ; Qsys                                                    ; --            ; nios2_uart_0                                   ; --         ;
; IP_TOOL_NAME                        ; altera_avalon_sc_fifo                                   ; --            ; altera_avalon_sc_fifo                          ; --         ;
; IP_TOOL_NAME                        ; altera_merlin_burst_adapter                             ; --            ; altera_merlin_burst_adapter                    ; --         ;
; IP_TOOL_NAME                        ; altera_merlin_master_agent                              ; --            ; altera_merlin_master_agent                     ; --         ;
; IP_TOOL_NAME                        ; altera_merlin_master_translator                         ; --            ; altera_merlin_master_translator                ; --         ;
; IP_TOOL_NAME                        ; altera_merlin_slave_agent                               ; --            ; altera_merlin_slave_agent                      ; --         ;
; IP_TOOL_NAME                        ; altera_merlin_slave_translator                          ; --            ; altera_merlin_slave_translator                 ; --         ;
; IP_TOOL_NAME                        ; altera_merlin_width_adapter                             ; --            ; altera_merlin_width_adapter                    ; --         ;
; IP_TOOL_NAME                        ; altera_reset_controller                                 ; --            ; altera_reset_controller                        ; --         ;
; IP_TOOL_NAME                        ; altera_tristate_controller_aggregator                   ; --            ; altera_tristate_controller_aggregator          ; --         ;
; IP_TOOL_NAME                        ; altera_tristate_controller_translator                   ; --            ; altera_tristate_controller_translator          ; --         ;
; IP_TOOL_NAME                        ; Qsys                                                    ; --            ; nios2                                          ; --         ;
; IP_TOOL_NAME                        ; altera_avalon_pio                                       ; --            ; nios2_HEX0                                     ; --         ;
; IP_TOOL_NAME                        ; altera_avalon_pio                                       ; --            ; nios2_PERIOD0                                  ; --         ;
; IP_TOOL_NAME                        ; altera_avalon_pio                                       ; --            ; nios2_PUSH                                     ; --         ;
; IP_TOOL_NAME                        ; altera_merlin_router                                    ; --            ; nios2_addr_router                              ; --         ;
; IP_TOOL_NAME                        ; altera_merlin_router                                    ; --            ; nios2_addr_router_001                          ; --         ;
; IP_TOOL_NAME                        ; altera_merlin_demultiplexer                             ; --            ; nios2_cmd_xbar_demux                           ; --         ;
; IP_TOOL_NAME                        ; altera_merlin_demultiplexer                             ; --            ; nios2_cmd_xbar_demux_001                       ; --         ;
; IP_TOOL_NAME                        ; altera_merlin_multiplexer                               ; --            ; nios2_cmd_xbar_mux                             ; --         ;
; IP_TOOL_NAME                        ; altera_generic_tristate_controller                      ; --            ; nios2_ext_flash                                ; --         ;
; IP_TOOL_NAME                        ; altera_merlin_router                                    ; --            ; nios2_id_router                                ; --         ;
; IP_TOOL_NAME                        ; altera_merlin_router                                    ; --            ; nios2_id_router_002                            ; --         ;
; IP_TOOL_NAME                        ; altera_merlin_router                                    ; --            ; nios2_id_router_003                            ; --         ;
; IP_TOOL_NAME                        ; altera_irq_mapper                                       ; --            ; nios2_irq_mapper                               ; --         ;
; IP_TOOL_NAME                        ; altera_avalon_lcd_16207                                 ; --            ; nios2_lcd_0                                    ; --         ;
; IP_TOOL_NAME                        ; altera_nios2_qsys                                       ; --            ; nios2_nios2_qsys_0                             ; --         ;
; IP_TOOL_NAME                        ; altera_avalon_onchip_memory2                            ; --            ; nios2_onchip_memory2_0                         ; --         ;
; IP_TOOL_NAME                        ; altera_merlin_demultiplexer                             ; --            ; nios2_rsp_xbar_demux                           ; --         ;
; IP_TOOL_NAME                        ; altera_merlin_demultiplexer                             ; --            ; nios2_rsp_xbar_demux_003                       ; --         ;
; IP_TOOL_NAME                        ; altera_merlin_multiplexer                               ; --            ; nios2_rsp_xbar_mux                             ; --         ;
; IP_TOOL_NAME                        ; altera_merlin_multiplexer                               ; --            ; nios2_rsp_xbar_mux_001                         ; --         ;
; IP_TOOL_NAME                        ; altera_tristate_conduit_bridge                          ; --            ; nios2_tristate_conduit_bridge_0                ; --         ;
; IP_TOOL_NAME                        ; altera_tristate_conduit_pin_sharer                      ; --            ; nios2_tristate_conduit_pin_sharer_0            ; --         ;
; IP_TOOL_NAME                        ; altera_merlin_std_arbitrator                            ; --            ; nios2_tristate_conduit_pin_sharer_0_arbiter    ; --         ;
; IP_TOOL_NAME                        ; altera_tristate_conduit_pin_sharer_core                 ; --            ; nios2_tristate_conduit_pin_sharer_0_pin_sharer ; --         ;
; IP_TOOL_NAME                        ; altera_avalon_uart                                      ; --            ; nios2_uart_0                                   ; --         ;
; IP_TOOL_VERSION                     ; 13.0                                                    ; --            ; altera_avalon_sc_fifo                          ; --         ;
; IP_TOOL_VERSION                     ; 13.0                                                    ; --            ; altera_merlin_burst_adapter                    ; --         ;
; IP_TOOL_VERSION                     ; 13.0                                                    ; --            ; altera_merlin_master_agent                     ; --         ;
; IP_TOOL_VERSION                     ; 13.0                                                    ; --            ; altera_merlin_master_translator                ; --         ;
; IP_TOOL_VERSION                     ; 13.0                                                    ; --            ; altera_merlin_slave_agent                      ; --         ;
; IP_TOOL_VERSION                     ; 13.0                                                    ; --            ; altera_merlin_slave_translator                 ; --         ;
; IP_TOOL_VERSION                     ; 13.0                                                    ; --            ; altera_merlin_width_adapter                    ; --         ;
; IP_TOOL_VERSION                     ; 13.0                                                    ; --            ; altera_reset_controller                        ; --         ;
; IP_TOOL_VERSION                     ; 13.0                                                    ; --            ; altera_tristate_controller_aggregator          ; --         ;
; IP_TOOL_VERSION                     ; 13.0                                                    ; --            ; altera_tristate_controller_translator          ; --         ;
; IP_TOOL_VERSION                     ; 13.0sp1                                                 ; --            ; nios2                                          ; --         ;
; IP_TOOL_VERSION                     ; 13.0.1.99.2                                             ; --            ; nios2_HEX0                                     ; --         ;
; IP_TOOL_VERSION                     ; 13.0.1.99.2                                             ; --            ; nios2_PERIOD0                                  ; --         ;
; IP_TOOL_VERSION                     ; 13.0.1.99.2                                             ; --            ; nios2_PUSH                                     ; --         ;
; IP_TOOL_VERSION                     ; 13.0                                                    ; --            ; nios2_addr_router                              ; --         ;
; IP_TOOL_VERSION                     ; 13.0                                                    ; --            ; nios2_addr_router_001                          ; --         ;
; IP_TOOL_VERSION                     ; 13.0                                                    ; --            ; nios2_cmd_xbar_demux                           ; --         ;
; IP_TOOL_VERSION                     ; 13.0                                                    ; --            ; nios2_cmd_xbar_demux_001                       ; --         ;
; IP_TOOL_VERSION                     ; 13.0                                                    ; --            ; nios2_cmd_xbar_mux                             ; --         ;
; IP_TOOL_VERSION                     ; 13.0                                                    ; --            ; nios2_ext_flash                                ; --         ;
; IP_TOOL_VERSION                     ; 13.0                                                    ; --            ; nios2_id_router                                ; --         ;
; IP_TOOL_VERSION                     ; 13.0                                                    ; --            ; nios2_id_router_002                            ; --         ;
; IP_TOOL_VERSION                     ; 13.0                                                    ; --            ; nios2_id_router_003                            ; --         ;
; IP_TOOL_VERSION                     ; 13.0                                                    ; --            ; nios2_irq_mapper                               ; --         ;
; IP_TOOL_VERSION                     ; 13.0.1.99.2                                             ; --            ; nios2_lcd_0                                    ; --         ;
; IP_TOOL_VERSION                     ; 13.0                                                    ; --            ; nios2_nios2_qsys_0                             ; --         ;
; IP_TOOL_VERSION                     ; 13.0.1.99.2                                             ; --            ; nios2_onchip_memory2_0                         ; --         ;
; IP_TOOL_VERSION                     ; 13.0                                                    ; --            ; nios2_rsp_xbar_demux                           ; --         ;
; IP_TOOL_VERSION                     ; 13.0                                                    ; --            ; nios2_rsp_xbar_demux_003                       ; --         ;
; IP_TOOL_VERSION                     ; 13.0                                                    ; --            ; nios2_rsp_xbar_mux                             ; --         ;
; IP_TOOL_VERSION                     ; 13.0                                                    ; --            ; nios2_rsp_xbar_mux_001                         ; --         ;
; IP_TOOL_VERSION                     ; 13.0                                                    ; --            ; nios2_tristate_conduit_bridge_0                ; --         ;
; IP_TOOL_VERSION                     ; 13.0                                                    ; --            ; nios2_tristate_conduit_pin_sharer_0            ; --         ;
; IP_TOOL_VERSION                     ; 13.0                                                    ; --            ; nios2_tristate_conduit_pin_sharer_0_arbiter    ; --         ;
; IP_TOOL_VERSION                     ; 13.0                                                    ; --            ; nios2_tristate_conduit_pin_sharer_0_pin_sharer ; --         ;
; IP_TOOL_VERSION                     ; 13.0.1.99.2                                             ; --            ; nios2_uart_0                                   ; --         ;
; MAX_CORE_JUNCTION_TEMP              ; 85                                                      ; --            ; --                                             ; --         ;
; MIN_CORE_JUNCTION_TEMP              ; 0                                                       ; --            ; --                                             ; --         ;
; MISC_FILE                           ; nios2/synthesis/../../nios2.cmp                         ; --            ; --                                             ; --         ;
; MISC_FILE                           ; nios2/synthesis/../../nios2.qsys                        ; --            ; --                                             ; --         ;
; PARTITION_COLOR                     ; 16764057                                                ; --            ; --                                             ; Top        ;
; PARTITION_FITTER_PRESERVATION_LEVEL ; PLACEMENT_AND_ROUTING                                   ; --            ; --                                             ; Top        ;
; PARTITION_NETLIST_TYPE              ; SOURCE                                                  ; --            ; --                                             ; Top        ;
; POWER_BOARD_THERMAL_MODEL           ; None (CONSERVATIVE)                                     ; --            ; --                                             ; --         ;
; POWER_PRESET_COOLING_SOLUTION       ; 23 MM HEAT SINK WITH 200 LFPM AIRFLOW                   ; --            ; --                                             ; --         ;
; PROJECT_OUTPUT_DIRECTORY            ; output_files                                            ; --            ; --                                             ; --         ;
; SEARCH_PATH                         ; c:\jbl\de2_vga\altera                                   ; --            ; --                                             ; --         ;
; SLD_INFO                            ; QSYS_NAME nios2 HAS_SOPCINFO 1 GENERATION_ID 1665277926 ; --            ; nios2                                          ; --         ;
; SOPCINFO_FILE                       ; nios2/synthesis/../../nios2.sopcinfo                    ; --            ; --                                             ; --         ;
; SYNTHESIS_ONLY_QIP                  ; On                                                      ; --            ; --                                             ; --         ;
+-------------------------------------+---------------------------------------------------------+---------------+------------------------------------------------+------------+


+-------------------------------------------------------------------------------------------------------------------------------+
; Flow Elapsed Time                                                                                                             ;
+---------------------------+--------------+-------------------------+---------------------+------------------------------------+
; Module Name               ; Elapsed Time ; Average Processors Used ; Peak Virtual Memory ; Total CPU Time (on all processors) ;
+---------------------------+--------------+-------------------------+---------------------+------------------------------------+
; Analysis & Synthesis      ; 00:00:26     ; 1.0                     ; 4807 MB             ; 00:00:26                           ;
; Fitter                    ; 00:00:25     ; 1.2                     ; 5071 MB             ; 00:00:31                           ;
; Assembler                 ; 00:00:03     ; 1.0                     ; 4605 MB             ; 00:00:03                           ;
; TimeQuest Timing Analyzer ; 00:00:04     ; 1.0                     ; 4689 MB             ; 00:00:04                           ;
; Total                     ; 00:00:58     ; --                      ; --                  ; 00:01:04                           ;
+---------------------------+--------------+-------------------------+---------------------+------------------------------------+


+----------------------------------------------------------------------------------------+
; Flow OS Summary                                                                        ;
+---------------------------+------------------+-----------+------------+----------------+
; Module Name               ; Machine Hostname ; OS Name   ; OS Version ; Processor type ;
+---------------------------+------------------+-----------+------------+----------------+
; Analysis & Synthesis      ; JBL-E550         ; Windows 7 ; 6.2        ; x86_64         ;
; Fitter                    ; JBL-E550         ; Windows 7 ; 6.2        ; x86_64         ;
; Assembler                 ; JBL-E550         ; Windows 7 ; 6.2        ; x86_64         ;
; TimeQuest Timing Analyzer ; JBL-E550         ; Windows 7 ; 6.2        ; x86_64         ;
+---------------------------+------------------+-----------+------------+----------------+


------------
; Flow Log ;
------------
quartus_map --read_settings_files=on --write_settings_files=off top_de2 -c top_de2
quartus_fit --read_settings_files=off --write_settings_files=off top_de2 -c top_de2
quartus_asm --read_settings_files=off --write_settings_files=off top_de2 -c top_de2
quartus_sta top_de2 -c top_de2



